<?xml version="1.0" encoding="UTF-8"?>
<coverage generated="1745752560981" clover="3.2.0">
  <project timestamp="1745752560981" name="All files">
    <metrics statements="211" coveredstatements="132" conditionals="52" coveredconditionals="30" methods="54" coveredmethods="31" elements="317" coveredelements="193" complexity="0" loc="211" ncloc="211" packages="6" files="19" classes="19"/>
    <package name="src">
      <metrics statements="5" coveredstatements="5" conditionals="0" coveredconditionals="0" methods="0" coveredmethods="0"/>
      <file name="index.ts" path="/Users/dani/Documents/repos/cubie_framework/src/index.ts">
        <metrics statements="5" coveredstatements="5" conditionals="0" coveredconditionals="0" methods="0" coveredmethods="0"/>
        <line num="1" count="4" type="stmt"/>
        <line num="2" count="4" type="stmt"/>
        <line num="3" count="4" type="stmt"/>
        <line num="4" count="4" type="stmt"/>
        <line num="5" count="4" type="stmt"/>
      </file>
    </package>
    <package name="src.agent">
      <metrics statements="47" coveredstatements="26" conditionals="13" coveredconditionals="7" methods="12" coveredmethods="7"/>
      <file name="agent.ts" path="/Users/dani/Documents/repos/cubie_framework/src/agent/agent.ts">
        <metrics statements="45" coveredstatements="24" conditionals="13" coveredconditionals="7" methods="12" coveredmethods="7"/>
        <line num="1" count="4" type="stmt"/>
        <line num="5" count="4" type="stmt"/>
        <line num="6" count="4" type="stmt"/>
        <line num="7" count="4" type="stmt"/>
        <line num="18" count="4" type="stmt"/>
        <line num="29" count="9" type="stmt"/>
        <line num="34" count="9" type="stmt"/>
        <line num="46" count="9" type="stmt"/>
        <line num="48" count="9" type="stmt"/>
        <line num="49" count="9" type="stmt"/>
        <line num="50" count="9" type="stmt"/>
        <line num="52" count="9" type="stmt"/>
        <line num="55" count="9" type="cond" truecount="1" falsecount="0"/>
        <line num="56" count="3" type="stmt"/>
        <line num="69" count="0" type="stmt"/>
        <line num="73" count="0" type="stmt"/>
        <line num="76" count="0" type="stmt"/>
        <line num="85" count="0" type="stmt"/>
        <line num="86" count="0" type="stmt"/>
        <line num="88" count="0" type="cond" truecount="0" falsecount="1"/>
        <line num="89" count="0" type="stmt"/>
        <line num="92" count="0" type="stmt"/>
        <line num="94" count="0" type="stmt"/>
        <line num="97" count="0" type="stmt"/>
        <line num="108" count="0" type="stmt"/>
        <line num="112" count="0" type="stmt"/>
        <line num="115" count="0" type="stmt"/>
        <line num="123" count="0" type="stmt"/>
        <line num="128" count="2" type="cond" truecount="0" falsecount="1"/>
        <line num="129" count="0" type="stmt"/>
        <line num="131" count="2" type="stmt"/>
        <line num="136" count="1" type="cond" truecount="1" falsecount="0"/>
        <line num="137" count="1" type="stmt"/>
        <line num="143" count="4" type="stmt"/>
        <line num="144" count="4" type="stmt"/>
        <line num="152" count="4" type="stmt"/>
        <line num="155" count="4" type="stmt"/>
        <line num="156" count="0" type="stmt"/>
        <line num="157" count="0" type="cond" truecount="0" falsecount="1"/>
        <line num="158" count="0" type="stmt"/>
        <line num="162" count="4" type="stmt"/>
        <line num="169" count="0" type="stmt"/>
        <line num="170" count="0" type="cond" truecount="0" falsecount="1"/>
        <line num="171" count="0" type="stmt"/>
        <line num="179" count="10" type="stmt"/>
      </file>
      <file name="index.ts" path="/Users/dani/Documents/repos/cubie_framework/src/agent/index.ts">
        <metrics statements="2" coveredstatements="2" conditionals="0" coveredconditionals="0" methods="0" coveredmethods="0"/>
        <line num="1" count="4" type="stmt"/>
        <line num="2" count="4" type="stmt"/>
      </file>
    </package>
    <package name="src.mcp">
      <metrics statements="43" coveredstatements="12" conditionals="6" coveredconditionals="0" methods="6" coveredmethods="1"/>
      <file name="index.ts" path="/Users/dani/Documents/repos/cubie_framework/src/mcp/index.ts">
        <metrics statements="2" coveredstatements="2" conditionals="0" coveredconditionals="0" methods="0" coveredmethods="0"/>
        <line num="1" count="4" type="stmt"/>
        <line num="2" count="4" type="stmt"/>
      </file>
      <file name="mcp.ts" path="/Users/dani/Documents/repos/cubie_framework/src/mcp/mcp.ts">
        <metrics statements="41" coveredstatements="10" conditionals="6" coveredconditionals="0" methods="6" coveredmethods="1"/>
        <line num="1" count="4" type="stmt"/>
        <line num="2" count="4" type="stmt"/>
        <line num="3" count="4" type="stmt"/>
        <line num="9" count="4" type="stmt"/>
        <line num="14" count="1" type="stmt"/>
        <line num="17" count="1" type="stmt"/>
        <line num="20" count="1" type="stmt"/>
        <line num="23" count="1" type="stmt"/>
        <line num="25" count="1" type="stmt"/>
        <line num="26" count="1" type="stmt"/>
        <line num="38" count="0" type="cond" truecount="0" falsecount="1"/>
        <line num="39" count="0" type="stmt"/>
        <line num="41" count="0" type="stmt"/>
        <line num="42" count="0" type="stmt"/>
        <line num="43" count="0" type="stmt"/>
        <line num="45" count="0" type="stmt"/>
        <line num="46" count="0" type="stmt"/>
        <line num="54" count="0" type="stmt"/>
        <line num="55" count="0" type="stmt"/>
        <line num="56" count="0" type="stmt"/>
        <line num="60" count="0" type="stmt"/>
        <line num="61" count="0" type="cond" truecount="0" falsecount="1"/>
        <line num="62" count="0" type="stmt"/>
        <line num="67" count="0" type="stmt"/>
        <line num="68" count="0" type="stmt"/>
        <line num="71" count="0" type="stmt"/>
        <line num="76" count="0" type="stmt"/>
        <line num="78" count="0" type="stmt"/>
        <line num="80" count="0" type="stmt"/>
        <line num="90" count="0" type="stmt"/>
        <line num="91" count="0" type="stmt"/>
        <line num="92" count="0" type="stmt"/>
        <line num="94" count="0" type="stmt"/>
        <line num="99" count="0" type="cond" truecount="0" falsecount="1"/>
        <line num="100" count="0" type="stmt"/>
        <line num="103" count="0" type="stmt"/>
        <line num="105" count="0" type="stmt"/>
        <line num="107" count="0" type="stmt"/>
        <line num="115" count="0" type="cond" truecount="0" falsecount="1"/>
        <line num="116" count="0" type="stmt"/>
        <line num="117" count="0" type="stmt"/>
      </file>
    </package>
    <package name="src.providers">
      <metrics statements="37" coveredstatements="25" conditionals="6" coveredconditionals="0" methods="13" coveredmethods="7"/>
      <file name="anthropic.ts" path="/Users/dani/Documents/repos/cubie_framework/src/providers/anthropic.ts">
        <metrics statements="6" coveredstatements="6" conditionals="0" coveredconditionals="0" methods="2" coveredmethods="2"/>
        <line num="1" count="5" type="stmt"/>
        <line num="7" count="5" type="stmt"/>
        <line num="9" count="5" type="stmt"/>
        <line num="15" count="6" type="stmt"/>
        <line num="18" count="6" type="stmt"/>
        <line num="22" count="1" type="stmt"/>
      </file>
      <file name="base.ts" path="/Users/dani/Documents/repos/cubie_framework/src/providers/base.ts">
        <metrics statements="13" coveredstatements="3" conditionals="6" coveredconditionals="0" methods="5" coveredmethods="1"/>
        <line num="3" count="7" type="stmt"/>
        <line num="10" count="7" type="stmt"/>
        <line num="16" count="10" type="stmt"/>
        <line num="22" count="0" type="cond" truecount="0" falsecount="3"/>
        <line num="23" count="0" type="stmt"/>
        <line num="25" count="0" type="stmt"/>
        <line num="26" count="0" type="stmt"/>
        <line num="33" count="0" type="cond" truecount="0" falsecount="3"/>
        <line num="34" count="0" type="stmt"/>
        <line num="36" count="0" type="stmt"/>
        <line num="37" count="0" type="stmt"/>
        <line num="45" count="0" type="stmt"/>
        <line num="53" count="0" type="stmt"/>
      </file>
      <file name="index.ts" path="/Users/dani/Documents/repos/cubie_framework/src/providers/index.ts">
        <metrics statements="4" coveredstatements="4" conditionals="0" coveredconditionals="0" methods="0" coveredmethods="0"/>
        <line num="1" count="4" type="stmt"/>
        <line num="2" count="4" type="stmt"/>
        <line num="3" count="4" type="stmt"/>
        <line num="4" count="4" type="stmt"/>
      </file>
      <file name="openai.ts" path="/Users/dani/Documents/repos/cubie_framework/src/providers/openai.ts">
        <metrics statements="7" coveredstatements="6" conditionals="0" coveredconditionals="0" methods="3" coveredmethods="2"/>
        <line num="1" count="5" type="stmt"/>
        <line num="7" count="5" type="stmt"/>
        <line num="10" count="5" type="stmt"/>
        <line num="16" count="2" type="stmt"/>
        <line num="19" count="2" type="stmt"/>
        <line num="23" count="1" type="stmt"/>
        <line num="27" count="0" type="stmt"/>
      </file>
      <file name="xai.ts" path="/Users/dani/Documents/repos/cubie_framework/src/providers/xai.ts">
        <metrics statements="7" coveredstatements="6" conditionals="0" coveredconditionals="0" methods="3" coveredmethods="2"/>
        <line num="1" count="5" type="stmt"/>
        <line num="2" count="5" type="stmt"/>
        <line num="31" count="5" type="stmt"/>
        <line num="37" count="2" type="stmt"/>
        <line num="40" count="2" type="stmt"/>
        <line num="44" count="1" type="stmt"/>
        <line num="48" count="0" type="stmt"/>
      </file>
    </package>
    <package name="src.tools">
      <metrics statements="29" coveredstatements="23" conditionals="4" coveredconditionals="2" methods="9" coveredmethods="7"/>
      <file name="index.ts" path="/Users/dani/Documents/repos/cubie_framework/src/tools/index.ts">
        <metrics statements="3" coveredstatements="3" conditionals="0" coveredconditionals="0" methods="0" coveredmethods="0"/>
        <line num="1" count="4" type="stmt"/>
        <line num="2" count="4" type="stmt"/>
        <line num="3" count="4" type="stmt"/>
      </file>
      <file name="tools.ts" path="/Users/dani/Documents/repos/cubie_framework/src/tools/tools.ts">
        <metrics statements="7" coveredstatements="6" conditionals="1" coveredconditionals="0" methods="3" coveredmethods="2"/>
        <line num="1" count="5" type="stmt"/>
        <line num="4" count="5" type="stmt"/>
        <line num="12" count="5" type="stmt"/>
        <line num="15" count="6" type="stmt"/>
        <line num="17" count="6" type="stmt"/>
        <line num="21" count="5" type="stmt"/>
        <line num="33" count="0" type="stmt"/>
      </file>
      <file name="util.ts" path="/Users/dani/Documents/repos/cubie_framework/src/tools/util.ts">
        <metrics statements="19" coveredstatements="14" conditionals="3" coveredconditionals="2" methods="6" coveredmethods="5"/>
        <line num="1" count="6" type="stmt"/>
        <line num="2" count="6" type="stmt"/>
        <line num="3" count="6" type="stmt"/>
        <line num="4" count="6" type="stmt"/>
        <line num="12" count="6" type="stmt"/>
        <line num="13" count="4" type="stmt"/>
        <line num="15" count="3" type="stmt"/>
        <line num="16" count="3" type="stmt"/>
        <line num="24" count="6" type="stmt"/>
        <line num="25" count="6" type="cond" truecount="0" falsecount="1"/>
        <line num="27" count="6" type="stmt"/>
        <line num="32" count="6" type="cond" truecount="2" falsecount="0"/>
        <line num="41" count="6" type="stmt"/>
        <line num="46" count="3" type="stmt"/>
        <line num="48" count="0" type="stmt"/>
        <line num="49" count="0" type="stmt"/>
        <line num="50" count="0" type="stmt"/>
        <line num="52" count="0" type="stmt"/>
        <line num="55" count="0" type="stmt"/>
      </file>
    </package>
    <package name="src.utils">
      <metrics statements="50" coveredstatements="41" conditionals="23" coveredconditionals="21" methods="14" coveredmethods="9"/>
      <file name="error.ts" path="/Users/dani/Documents/repos/cubie_framework/src/utils/error.ts">
        <metrics statements="22" coveredstatements="14" conditionals="4" coveredconditionals="4" methods="6" coveredmethods="2"/>
        <line num="4" count="11" type="stmt"/>
        <line num="6" count="5" type="stmt"/>
        <line num="7" count="5" type="stmt"/>
        <line num="14" count="11" type="stmt"/>
        <line num="16" count="0" type="stmt"/>
        <line num="17" count="0" type="stmt"/>
        <line num="24" count="11" type="stmt"/>
        <line num="26" count="0" type="stmt"/>
        <line num="27" count="0" type="stmt"/>
        <line num="34" count="11" type="stmt"/>
        <line num="36" count="0" type="stmt"/>
        <line num="37" count="0" type="stmt"/>
        <line num="41" count="11" type="stmt"/>
        <line num="43" count="0" type="stmt"/>
        <line num="44" count="0" type="stmt"/>
        <line num="48" count="11" type="stmt"/>
        <line num="50" count="4" type="cond" truecount="2" falsecount="0"/>
        <line num="51" count="2" type="stmt"/>
        <line num="52" count="2" type="cond" truecount="2" falsecount="0"/>
        <line num="53" count="1" type="stmt"/>
        <line num="55" count="1" type="stmt"/>
        <line num="57" count="4" type="stmt"/>
      </file>
      <file name="index.ts" path="/Users/dani/Documents/repos/cubie_framework/src/utils/index.ts">
        <metrics statements="5" coveredstatements="5" conditionals="0" coveredconditionals="0" methods="0" coveredmethods="0"/>
        <line num="1" count="9" type="stmt"/>
        <line num="2" count="9" type="stmt"/>
        <line num="3" count="9" type="stmt"/>
        <line num="4" count="9" type="stmt"/>
        <line num="5" count="9" type="stmt"/>
      </file>
      <file name="messages.ts" path="/Users/dani/Documents/repos/cubie_framework/src/utils/messages.ts">
        <metrics statements="5" coveredstatements="5" conditionals="8" coveredconditionals="7" methods="1" coveredmethods="1"/>
        <line num="2" count="9" type="stmt"/>
        <line num="16" count="9" type="stmt"/>
        <line num="20" count="5" type="cond" truecount="4" falsecount="0"/>
        <line num="21" count="3" type="stmt"/>
        <line num="24" count="2" type="cond" truecount="3" falsecount="1"/>
      </file>
      <file name="model.ts" path="/Users/dani/Documents/repos/cubie_framework/src/utils/model.ts">
        <metrics statements="5" coveredstatements="5" conditionals="5" coveredconditionals="5" methods="1" coveredmethods="1"/>
        <line num="1" count="9" type="stmt"/>
        <line num="8" count="9" type="stmt"/>
        <line num="9" count="4" type="cond" truecount="3" falsecount="0"/>
        <line num="10" count="2" type="stmt"/>
        <line num="12" count="2" type="cond" truecount="2" falsecount="0"/>
      </file>
      <file name="result.ts" path="/Users/dani/Documents/repos/cubie_framework/src/utils/result.ts">
        <metrics statements="8" coveredstatements="8" conditionals="1" coveredconditionals="1" methods="3" coveredmethods="3"/>
        <line num="1" count="10" type="stmt"/>
        <line num="19" count="10" type="stmt"/>
        <line num="29" count="10" type="stmt"/>
        <line num="32" count="4" type="stmt"/>
        <line num="38" count="10" type="stmt"/>
        <line num="39" count="1" type="stmt"/>
        <line num="45" count="10" type="stmt"/>
        <line num="46" count="1" type="stmt"/>
      </file>
      <file name="transform.ts" path="/Users/dani/Documents/repos/cubie_framework/src/utils/transform.ts">
        <metrics statements="5" coveredstatements="4" conditionals="5" coveredconditionals="4" methods="3" coveredmethods="2"/>
        <line num="6" count="10" type="stmt"/>
        <line num="8" count="0" type="cond" truecount="1" falsecount="0"/>
        <line num="11" count="29" type="cond" truecount="1" falsecount="1"/>
        <line num="12" count="29" type="stmt"/>
        <line num="13" count="11" type="stmt"/>
      </file>
    </package>
  </project>
</coverage>
