{"/Users/dani/Documents/repos/cubie_framework/src/index.ts": {"path":"/Users/dani/Documents/repos/cubie_framework/src/index.ts","statementMap":{"0":{"start":{"line":1,"column":0},"end":{"line":1,"column":24}},"1":{"start":{"line":2,"column":0},"end":{"line":2,"column":22}},"2":{"start":{"line":3,"column":0},"end":{"line":3,"column":28}},"3":{"start":{"line":4,"column":0},"end":{"line":4,"column":24}},"4":{"start":{"line":5,"column":0},"end":{"line":5,"column":24}}},"fnMap":{},"branchMap":{},"s":{"0":4,"1":4,"2":4,"3":4,"4":4},"f":{},"b":{}}
,"/Users/dani/Documents/repos/cubie_framework/src/agent/agent.ts": {"path":"/Users/dani/Documents/repos/cubie_framework/src/agent/agent.ts","statementMap":{"0":{"start":{"line":1,"column":0},"end":{"line":1,"column":34}},"1":{"start":{"line":5,"column":0},"end":{"line":5,"column":43}},"2":{"start":{"line":6,"column":0},"end":{"line":6,"column":64}},"3":{"start":{"line":7,"column":0},"end":{"line":7,"column":43}},"4":{"start":{"line":29,"column":37},"end":{"line":29,"column":39}},"5":{"start":{"line":34,"column":28},"end":{"line":34,"column":50}},"6":{"start":{"line":46,"column":8},"end":{"line":46,"column":15}},"7":{"start":{"line":48,"column":4},"end":{"line":48,"column":21}},"8":{"start":{"line":49,"column":4},"end":{"line":49,"column":29}},"9":{"start":{"line":50,"column":4},"end":{"line":50,"column":53}},"10":{"start":{"line":50,"column":42},"end":{"line":50,"column":51}},"11":{"start":{"line":52,"column":4},"end":{"line":52,"column":68}},"12":{"start":{"line":52,"column":46},"end":{"line":52,"column":66}},"13":{"start":{"line":55,"column":4},"end":{"line":57,"column":5}},"14":{"start":{"line":56,"column":6},"end":{"line":56,"column":31}},"15":{"start":{"line":69,"column":8},"end":{"line":69,"column":14}},"16":{"start":{"line":73,"column":18},"end":{"line":73,"column":46}},"17":{"start":{"line":76,"column":19},"end":{"line":82,"column":6}},"18":{"start":{"line":85,"column":4},"end":{"line":95,"column":5}},"19":{"start":{"line":86,"column":19},"end":{"line":86,"column":45}},"20":{"start":{"line":88,"column":6},"end":{"line":90,"column":7}},"21":{"start":{"line":89,"column":8},"end":{"line":89,"column":77}},"22":{"start":{"line":92,"column":6},"end":{"line":92,"column":24}},"23":{"start":{"line":94,"column":6},"end":{"line":94,"column":26}},"24":{"start":{"line":97,"column":4},"end":{"line":97,"column":18}},"25":{"start":{"line":108,"column":8},"end":{"line":108,"column":14}},"26":{"start":{"line":112,"column":18},"end":{"line":112,"column":46}},"27":{"start":{"line":115,"column":19},"end":{"line":121,"column":6}},"28":{"start":{"line":123,"column":4},"end":{"line":123,"column":32}},"29":{"start":{"line":128,"column":4},"end":{"line":130,"column":5}},"30":{"start":{"line":129,"column":6},"end":{"line":129,"column":24}},"31":{"start":{"line":131,"column":4},"end":{"line":131,"column":35}},"32":{"start":{"line":136,"column":4},"end":{"line":138,"column":5}},"33":{"start":{"line":137,"column":6},"end":{"line":137,"column":32}},"34":{"start":{"line":143,"column":18},"end":{"line":143,"column":36}},"35":{"start":{"line":144,"column":4},"end":{"line":144,"column":23}},"36":{"start":{"line":152,"column":22},"end":{"line":154,"column":6}},"37":{"start":{"line":155,"column":4},"end":{"line":160,"column":5}},"38":{"start":{"line":156,"column":20},"end":{"line":156,"column":40}},"39":{"start":{"line":157,"column":6},"end":{"line":159,"column":7}},"40":{"start":{"line":158,"column":8},"end":{"line":158,"column":56}},"41":{"start":{"line":162,"column":4},"end":{"line":165,"column":7}},"42":{"start":{"line":169,"column":4},"end":{"line":173,"column":5}},"43":{"start":{"line":170,"column":6},"end":{"line":172,"column":7}},"44":{"start":{"line":171,"column":8},"end":{"line":171,"column":31}},"45":{"start":{"line":179,"column":4},"end":{"line":184,"column":6}},"46":{"start":{"line":18,"column":0},"end":{"line":18,"column":13}}},"fnMap":{"0":{"name":"(anonymous_0)","decl":{"start":{"line":39,"column":2},"end":{"line":39,"column":14}},"loc":{"start":{"line":39,"column":68},"end":{"line":58,"column":3}}},"1":{"name":"(anonymous_1)","decl":{"start":{"line":50,"column":32},"end":{"line":50,"column":33}},"loc":{"start":{"line":50,"column":42},"end":{"line":50,"column":51}}},"2":{"name":"(anonymous_2)","decl":{"start":{"line":52,"column":34},"end":{"line":52,"column":35}},"loc":{"start":{"line":52,"column":46},"end":{"line":52,"column":66}}},"3":{"name":"(anonymous_3)","decl":{"start":{"line":61,"column":2},"end":{"line":61,"column":7}},"loc":{"start":{"line":61,"column":47},"end":{"line":98,"column":3}}},"4":{"name":"(anonymous_4)","decl":{"start":{"line":100,"column":2},"end":{"line":100,"column":7}},"loc":{"start":{"line":100,"column":47},"end":{"line":124,"column":3}}},"5":{"name":"(anonymous_5)","decl":{"start":{"line":127,"column":2},"end":{"line":127,"column":9}},"loc":{"start":{"line":127,"column":24},"end":{"line":132,"column":3}}},"6":{"name":"(anonymous_6)","decl":{"start":{"line":135,"column":2},"end":{"line":135,"column":12}},"loc":{"start":{"line":135,"column":25},"end":{"line":139,"column":3}}},"7":{"name":"(anonymous_7)","decl":{"start":{"line":142,"column":2},"end":{"line":142,"column":7}},"loc":{"start":{"line":142,"column":29},"end":{"line":145,"column":3}}},"8":{"name":"(anonymous_8)","decl":{"start":{"line":151,"column":2},"end":{"line":151,"column":7}},"loc":{"start":{"line":151,"column":41},"end":{"line":166,"column":3}}},"9":{"name":"(anonymous_9)","decl":{"start":{"line":168,"column":2},"end":{"line":168,"column":7}},"loc":{"start":{"line":168,"column":22},"end":{"line":174,"column":3}}},"10":{"name":"(anonymous_10)","decl":{"start":{"line":176,"column":2},"end":{"line":176,"column":7}},"loc":{"start":{"line":176,"column":23},"end":{"line":176,"column":28}}},"11":{"name":"(anonymous_11)","decl":{"start":{"line":178,"column":2},"end":{"line":178,"column":17}},"loc":{"start":{"line":178,"column":17},"end":{"line":185,"column":3}}}},"branchMap":{"0":{"loc":{"start":{"line":41,"column":6},"end":{"line":41,"column":24}},"type":"default-arg","locations":[{"start":{"line":41,"column":13},"end":{"line":41,"column":24}}]},"1":{"loc":{"start":{"line":43,"column":6},"end":{"line":43,"column":16}},"type":"default-arg","locations":[{"start":{"line":43,"column":14},"end":{"line":43,"column":16}}]},"2":{"loc":{"start":{"line":44,"column":6},"end":{"line":44,"column":26}},"type":"default-arg","locations":[{"start":{"line":44,"column":17},"end":{"line":44,"column":26}}]},"3":{"loc":{"start":{"line":45,"column":6},"end":{"line":45,"column":18}},"type":"default-arg","locations":[{"start":{"line":45,"column":16},"end":{"line":45,"column":18}}]},"4":{"loc":{"start":{"line":55,"column":4},"end":{"line":57,"column":5}},"type":"if","locations":[{"start":{"line":55,"column":4},"end":{"line":57,"column":5}}]},"5":{"loc":{"start":{"line":67,"column":13},"end":{"line":67,"column":28}},"type":"default-arg","locations":[{"start":{"line":67,"column":26},"end":{"line":67,"column":28}}]},"6":{"loc":{"start":{"line":88,"column":6},"end":{"line":90,"column":7}},"type":"if","locations":[{"start":{"line":88,"column":6},"end":{"line":90,"column":7}}]},"7":{"loc":{"start":{"line":106,"column":13},"end":{"line":106,"column":28}},"type":"default-arg","locations":[{"start":{"line":106,"column":26},"end":{"line":106,"column":28}}]},"8":{"loc":{"start":{"line":128,"column":4},"end":{"line":130,"column":5}},"type":"if","locations":[{"start":{"line":128,"column":4},"end":{"line":130,"column":5}}]},"9":{"loc":{"start":{"line":136,"column":4},"end":{"line":138,"column":5}},"type":"if","locations":[{"start":{"line":136,"column":4},"end":{"line":138,"column":5}}]},"10":{"loc":{"start":{"line":151,"column":14},"end":{"line":151,"column":41}},"type":"default-arg","locations":[{"start":{"line":151,"column":39},"end":{"line":151,"column":41}}]},"11":{"loc":{"start":{"line":157,"column":6},"end":{"line":159,"column":7}},"type":"if","locations":[{"start":{"line":157,"column":6},"end":{"line":159,"column":7}}]},"12":{"loc":{"start":{"line":170,"column":6},"end":{"line":172,"column":7}},"type":"if","locations":[{"start":{"line":170,"column":6},"end":{"line":172,"column":7}}]}},"s":{"0":4,"1":4,"2":4,"3":4,"4":9,"5":9,"6":9,"7":9,"8":9,"9":9,"10":2,"11":9,"12":0,"13":9,"14":3,"15":0,"16":0,"17":0,"18":0,"19":0,"20":0,"21":0,"22":0,"23":0,"24":0,"25":0,"26":0,"27":0,"28":0,"29":2,"30":0,"31":2,"32":1,"33":1,"34":4,"35":4,"36":4,"37":4,"38":0,"39":0,"40":0,"41":4,"42":0,"43":0,"44":0,"45":10,"46":4},"f":{"0":9,"1":2,"2":0,"3":0,"4":0,"5":2,"6":1,"7":4,"8":4,"9":0,"10":0,"11":10},"b":{"0":[2],"1":[7],"2":[6],"3":[9],"4":[3],"5":[0],"6":[0],"7":[0],"8":[0],"9":[1],"10":[4],"11":[0],"12":[0]}}
,"/Users/dani/Documents/repos/cubie_framework/src/agent/index.ts": {"path":"/Users/dani/Documents/repos/cubie_framework/src/agent/index.ts","statementMap":{"0":{"start":{"line":1,"column":0},"end":{"line":1,"column":24}},"1":{"start":{"line":2,"column":0},"end":{"line":2,"column":30}}},"fnMap":{},"branchMap":{},"s":{"0":4,"1":4},"f":{},"b":{}}
,"/Users/dani/Documents/repos/cubie_framework/src/mcp/index.ts": {"path":"/Users/dani/Documents/repos/cubie_framework/src/mcp/index.ts","statementMap":{"0":{"start":{"line":1,"column":0},"end":{"line":1,"column":22}},"1":{"start":{"line":2,"column":0},"end":{"line":2,"column":28}}},"fnMap":{},"branchMap":{},"s":{"0":4,"1":4},"f":{},"b":{}}
,"/Users/dani/Documents/repos/cubie_framework/src/mcp/mcp.ts": {"path":"/Users/dani/Documents/repos/cubie_framework/src/mcp/mcp.ts","statementMap":{"0":{"start":{"line":1,"column":0},"end":{"line":1,"column":67}},"1":{"start":{"line":2,"column":0},"end":{"line":2,"column":36}},"2":{"start":{"line":3,"column":0},"end":{"line":3,"column":57}},"3":{"start":{"line":14,"column":23},"end":{"line":14,"column":28}},"4":{"start":{"line":17,"column":38},"end":{"line":17,"column":40}},"5":{"start":{"line":20,"column":42},"end":{"line":20,"column":44}},"6":{"start":{"line":23,"column":38},"end":{"line":23,"column":40}},"7":{"start":{"line":25,"column":21},"end":{"line":25,"column":48}},"8":{"start":{"line":26,"column":4},"end":{"line":30,"column":7}},"9":{"start":{"line":38,"column":4},"end":{"line":40,"column":5}},"10":{"start":{"line":39,"column":6},"end":{"line":39,"column":13}},"11":{"start":{"line":41,"column":4},"end":{"line":47,"column":5}},"12":{"start":{"line":42,"column":6},"end":{"line":42,"column":57}},"13":{"start":{"line":43,"column":6},"end":{"line":43,"column":28}},"14":{"start":{"line":45,"column":6},"end":{"line":45,"column":62}},"15":{"start":{"line":46,"column":6},"end":{"line":46,"column":29}},"16":{"start":{"line":54,"column":51},"end":{"line":54,"column":57}},"17":{"start":{"line":55,"column":4},"end":{"line":81,"column":5}},"18":{"start":{"line":56,"column":6},"end":{"line":56,"column":27}},"19":{"start":{"line":60,"column":26},"end":{"line":60,"column":55}},"20":{"start":{"line":61,"column":6},"end":{"line":63,"column":7}},"21":{"start":{"line":62,"column":8},"end":{"line":62,"column":49}},"22":{"start":{"line":67,"column":6},"end":{"line":74,"column":7}},"23":{"start":{"line":68,"column":8},"end":{"line":73,"column":11}},"24":{"start":{"line":71,"column":12},"end":{"line":71,"column":59}},"25":{"start":{"line":76,"column":6},"end":{"line":76,"column":32}},"26":{"start":{"line":78,"column":6},"end":{"line":78,"column":26}},"27":{"start":{"line":80,"column":6},"end":{"line":80,"column":20}},"28":{"start":{"line":90,"column":30},"end":{"line":90,"column":43}},"29":{"start":{"line":91,"column":4},"end":{"line":108,"column":5}},"30":{"start":{"line":92,"column":6},"end":{"line":92,"column":27}},"31":{"start":{"line":94,"column":23},"end":{"line":97,"column":8}},"32":{"start":{"line":99,"column":6},"end":{"line":101,"column":7}},"33":{"start":{"line":100,"column":8},"end":{"line":100,"column":56}},"34":{"start":{"line":103,"column":6},"end":{"line":103,"column":28}},"35":{"start":{"line":105,"column":6},"end":{"line":105,"column":26}},"36":{"start":{"line":107,"column":6},"end":{"line":107,"column":20}},"37":{"start":{"line":115,"column":4},"end":{"line":118,"column":5}},"38":{"start":{"line":116,"column":6},"end":{"line":116,"column":32}},"39":{"start":{"line":117,"column":6},"end":{"line":117,"column":29}},"40":{"start":{"line":9,"column":0},"end":{"line":9,"column":13}}},"fnMap":{"0":{"name":"(anonymous_0)","decl":{"start":{"line":25,"column":2},"end":{"line":25,"column":21}},"loc":{"start":{"line":25,"column":48},"end":{"line":31,"column":3}}},"1":{"name":"(anonymous_1)","decl":{"start":{"line":37,"column":2},"end":{"line":37,"column":7}},"loc":{"start":{"line":37,"column":15},"end":{"line":48,"column":3}}},"2":{"name":"(anonymous_2)","decl":{"start":{"line":53,"column":2},"end":{"line":53,"column":7}},"loc":{"start":{"line":53,"column":13},"end":{"line":82,"column":3}}},"3":{"name":"(anonymous_3)","decl":{"start":{"line":70,"column":19},"end":{"line":70,"column":24}},"loc":{"start":{"line":70,"column":34},"end":{"line":72,"column":11}}},"4":{"name":"(anonymous_4)","decl":{"start":{"line":89,"column":10},"end":{"line":89,"column":15}},"loc":{"start":{"line":89,"column":57},"end":{"line":109,"column":3}}},"5":{"name":"(anonymous_5)","decl":{"start":{"line":114,"column":2},"end":{"line":114,"column":7}},"loc":{"start":{"line":114,"column":18},"end":{"line":119,"column":3}}}},"branchMap":{"0":{"loc":{"start":{"line":38,"column":4},"end":{"line":40,"column":5}},"type":"if","locations":[{"start":{"line":38,"column":4},"end":{"line":40,"column":5}}]},"1":{"loc":{"start":{"line":61,"column":6},"end":{"line":63,"column":7}},"type":"if","locations":[{"start":{"line":61,"column":6},"end":{"line":63,"column":7}}]},"2":{"loc":{"start":{"line":96,"column":19},"end":{"line":96,"column":35}},"type":"binary-expr","locations":[{"start":{"line":96,"column":19},"end":{"line":96,"column":29}},{"start":{"line":96,"column":33},"end":{"line":96,"column":35}}]},"3":{"loc":{"start":{"line":99,"column":6},"end":{"line":101,"column":7}},"type":"if","locations":[{"start":{"line":99,"column":6},"end":{"line":101,"column":7}}]},"4":{"loc":{"start":{"line":115,"column":4},"end":{"line":118,"column":5}},"type":"if","locations":[{"start":{"line":115,"column":4},"end":{"line":118,"column":5}}]}},"s":{"0":4,"1":4,"2":4,"3":1,"4":1,"5":1,"6":1,"7":1,"8":1,"9":0,"10":0,"11":0,"12":0,"13":0,"14":0,"15":0,"16":0,"17":0,"18":0,"19":0,"20":0,"21":0,"22":0,"23":0,"24":0,"25":0,"26":0,"27":0,"28":0,"29":0,"30":0,"31":0,"32":0,"33":0,"34":0,"35":0,"36":0,"37":0,"38":0,"39":0,"40":4},"f":{"0":1,"1":0,"2":0,"3":0,"4":0,"5":0},"b":{"0":[0],"1":[0],"2":[0,0],"3":[0],"4":[0]}}
,"/Users/dani/Documents/repos/cubie_framework/src/providers/anthropic.ts": {"path":"/Users/dani/Documents/repos/cubie_framework/src/providers/anthropic.ts","statementMap":{"0":{"start":{"line":1,"column":0},"end":{"line":1,"column":null}},"1":{"start":{"line":7,"column":0},"end":{"line":7,"column":38}},"2":{"start":{"line":15,"column":4},"end":{"line":17,"column":7}},"3":{"start":{"line":18,"column":4},"end":{"line":18,"column":50}},"4":{"start":{"line":22,"column":4},"end":{"line":22,"column":37}},"5":{"start":{"line":9,"column":0},"end":{"line":9,"column":13}}},"fnMap":{"0":{"name":"(anonymous_0)","decl":{"start":{"line":14,"column":2},"end":{"line":14,"column":14}},"loc":{"start":{"line":14,"column":48},"end":{"line":19,"column":3}}},"1":{"name":"(anonymous_1)","decl":{"start":{"line":21,"column":2},"end":{"line":21,"column":24}},"loc":{"start":{"line":21,"column":24},"end":{"line":23,"column":3}}}},"branchMap":{},"s":{"0":5,"1":5,"2":6,"3":6,"4":1,"5":5},"f":{"0":6,"1":1},"b":{}}
,"/Users/dani/Documents/repos/cubie_framework/src/providers/base.ts": {"path":"/Users/dani/Documents/repos/cubie_framework/src/providers/base.ts","statementMap":{"0":{"start":{"line":3,"column":0},"end":{"line":3,"column":57}},"1":{"start":{"line":16,"column":21},"end":{"line":16,"column":51}},"2":{"start":{"line":22,"column":4},"end":{"line":24,"column":5}},"3":{"start":{"line":23,"column":6},"end":{"line":23,"column":79}},"4":{"start":{"line":25,"column":20},"end":{"line":25,"column":68}},"5":{"start":{"line":26,"column":4},"end":{"line":26,"column":48}},"6":{"start":{"line":33,"column":4},"end":{"line":35,"column":5}},"7":{"start":{"line":34,"column":6},"end":{"line":34,"column":76}},"8":{"start":{"line":36,"column":20},"end":{"line":36,"column":65}},"9":{"start":{"line":37,"column":4},"end":{"line":37,"column":45}},"10":{"start":{"line":45,"column":4},"end":{"line":45,"column":77}},"11":{"start":{"line":53,"column":4},"end":{"line":53,"column":74}},"12":{"start":{"line":10,"column":0},"end":{"line":10,"column":22}}},"fnMap":{"0":{"name":"(anonymous_0)","decl":{"start":{"line":16,"column":2},"end":{"line":16,"column":21}},"loc":{"start":{"line":16,"column":51},"end":{"line":16,"column":55}}},"1":{"name":"(anonymous_1)","decl":{"start":{"line":21,"column":2},"end":{"line":21,"column":15}},"loc":{"start":{"line":21,"column":39},"end":{"line":27,"column":3}}},"2":{"name":"(anonymous_2)","decl":{"start":{"line":32,"column":2},"end":{"line":32,"column":12}},"loc":{"start":{"line":32,"column":35},"end":{"line":38,"column":3}}},"3":{"name":"(anonymous_3)","decl":{"start":{"line":44,"column":2},"end":{"line":44,"column":24}},"loc":{"start":{"line":44,"column":24},"end":{"line":46,"column":3}}},"4":{"name":"(anonymous_4)","decl":{"start":{"line":52,"column":2},"end":{"line":52,"column":21}},"loc":{"start":{"line":52,"column":21},"end":{"line":54,"column":3}}}},"branchMap":{"0":{"loc":{"start":{"line":22,"column":4},"end":{"line":24,"column":5}},"type":"if","locations":[{"start":{"line":22,"column":4},"end":{"line":24,"column":5}}]},"1":{"loc":{"start":{"line":22,"column":8},"end":{"line":22,"column":54}},"type":"binary-expr","locations":[{"start":{"line":22,"column":8},"end":{"line":22,"column":22}},{"start":{"line":22,"column":26},"end":{"line":22,"column":54}}]},"2":{"loc":{"start":{"line":33,"column":4},"end":{"line":35,"column":5}},"type":"if","locations":[{"start":{"line":33,"column":4},"end":{"line":35,"column":5}}]},"3":{"loc":{"start":{"line":33,"column":8},"end":{"line":33,"column":51}},"type":"binary-expr","locations":[{"start":{"line":33,"column":8},"end":{"line":33,"column":22}},{"start":{"line":33,"column":26},"end":{"line":33,"column":51}}]}},"s":{"0":7,"1":10,"2":0,"3":0,"4":0,"5":0,"6":0,"7":0,"8":0,"9":0,"10":0,"11":0,"12":7},"f":{"0":10,"1":0,"2":0,"3":0,"4":0},"b":{"0":[0],"1":[0,0],"2":[0],"3":[0,0]}}
,"/Users/dani/Documents/repos/cubie_framework/src/providers/index.ts": {"path":"/Users/dani/Documents/repos/cubie_framework/src/providers/index.ts","statementMap":{"0":{"start":{"line":1,"column":0},"end":{"line":1,"column":28}},"1":{"start":{"line":2,"column":0},"end":{"line":2,"column":23}},"2":{"start":{"line":3,"column":0},"end":{"line":3,"column":25}},"3":{"start":{"line":4,"column":0},"end":{"line":4,"column":22}}},"fnMap":{},"branchMap":{},"s":{"0":4,"1":4,"2":4,"3":4},"f":{},"b":{}}
,"/Users/dani/Documents/repos/cubie_framework/src/providers/openai.ts": {"path":"/Users/dani/Documents/repos/cubie_framework/src/providers/openai.ts","statementMap":{"0":{"start":{"line":1,"column":0},"end":{"line":1,"column":null}},"1":{"start":{"line":7,"column":0},"end":{"line":7,"column":38}},"2":{"start":{"line":16,"column":4},"end":{"line":18,"column":7}},"3":{"start":{"line":19,"column":4},"end":{"line":19,"column":47}},"4":{"start":{"line":23,"column":4},"end":{"line":23,"column":31}},"5":{"start":{"line":27,"column":4},"end":{"line":27,"column":22}},"6":{"start":{"line":10,"column":0},"end":{"line":10,"column":13}}},"fnMap":{"0":{"name":"(anonymous_0)","decl":{"start":{"line":15,"column":2},"end":{"line":15,"column":14}},"loc":{"start":{"line":15,"column":66},"end":{"line":20,"column":3}}},"1":{"name":"(anonymous_1)","decl":{"start":{"line":22,"column":2},"end":{"line":22,"column":24}},"loc":{"start":{"line":22,"column":24},"end":{"line":24,"column":3}}},"2":{"name":"(anonymous_2)","decl":{"start":{"line":26,"column":2},"end":{"line":26,"column":21}},"loc":{"start":{"line":26,"column":21},"end":{"line":28,"column":3}}}},"branchMap":{},"s":{"0":5,"1":5,"2":2,"3":2,"4":1,"5":0,"6":5},"f":{"0":2,"1":1,"2":0},"b":{}}
,"/Users/dani/Documents/repos/cubie_framework/src/providers/xai.ts": {"path":"/Users/dani/Documents/repos/cubie_framework/src/providers/xai.ts","statementMap":{"0":{"start":{"line":1,"column":0},"end":{"line":1,"column":74}},"1":{"start":{"line":2,"column":0},"end":{"line":2,"column":38}},"2":{"start":{"line":37,"column":4},"end":{"line":39,"column":7}},"3":{"start":{"line":40,"column":4},"end":{"line":40,"column":44}},"4":{"start":{"line":44,"column":4},"end":{"line":44,"column":27}},"5":{"start":{"line":48,"column":4},"end":{"line":48,"column":26}},"6":{"start":{"line":31,"column":0},"end":{"line":31,"column":13}}},"fnMap":{"0":{"name":"(anonymous_0)","decl":{"start":{"line":36,"column":2},"end":{"line":36,"column":14}},"loc":{"start":{"line":36,"column":63},"end":{"line":41,"column":3}}},"1":{"name":"(anonymous_1)","decl":{"start":{"line":43,"column":2},"end":{"line":43,"column":24}},"loc":{"start":{"line":43,"column":24},"end":{"line":45,"column":3}}},"2":{"name":"(anonymous_2)","decl":{"start":{"line":47,"column":2},"end":{"line":47,"column":21}},"loc":{"start":{"line":47,"column":21},"end":{"line":49,"column":3}}}},"branchMap":{},"s":{"0":5,"1":5,"2":2,"3":2,"4":1,"5":0,"6":5},"f":{"0":2,"1":1,"2":0},"b":{}}
,"/Users/dani/Documents/repos/cubie_framework/src/tools/index.ts": {"path":"/Users/dani/Documents/repos/cubie_framework/src/tools/index.ts","statementMap":{"0":{"start":{"line":1,"column":0},"end":{"line":1,"column":24}},"1":{"start":{"line":2,"column":0},"end":{"line":2,"column":30}},"2":{"start":{"line":3,"column":0},"end":{"line":3,"column":23}}},"fnMap":{},"branchMap":{},"s":{"0":4,"1":4,"2":4},"f":{},"b":{}}
,"/Users/dani/Documents/repos/cubie_framework/src/tools/tools.ts": {"path":"/Users/dani/Documents/repos/cubie_framework/src/tools/tools.ts","statementMap":{"0":{"start":{"line":1,"column":0},"end":{"line":1,"column":32}},"1":{"start":{"line":4,"column":0},"end":{"line":4,"column":35}},"2":{"start":{"line":15,"column":11},"end":{"line":15,"column":23}},"3":{"start":{"line":17,"column":11},"end":{"line":17,"column":33}},"4":{"start":{"line":21,"column":4},"end":{"line":21,"column":34}},"5":{"start":{"line":33,"column":4},"end":{"line":37,"column":7}},"6":{"start":{"line":12,"column":0},"end":{"line":12,"column":13}}},"fnMap":{"0":{"name":"(anonymous_0)","decl":{"start":{"line":13,"column":2},"end":{"line":13,"column":null}},"loc":{"start":{"line":17,"column":33},"end":{"line":18,"column":6}}},"1":{"name":"(anonymous_1)","decl":{"start":{"line":20,"column":2},"end":{"line":20,"column":7}},"loc":{"start":{"line":20,"column":7},"end":{"line":22,"column":3}}},"2":{"name":"(anonymous_2)","decl":{"start":{"line":27,"column":2},"end":{"line":27,"column":8}},"loc":{"start":{"line":32,"column":16},"end":{"line":38,"column":3}}}},"branchMap":{"0":{"loc":{"start":{"line":29,"column":4},"end":{"line":29,"column":20}},"type":"default-arg","locations":[{"start":{"line":29,"column":18},"end":{"line":29,"column":20}}]}},"s":{"0":5,"1":5,"2":6,"3":6,"4":5,"5":0,"6":5},"f":{"0":6,"1":5,"2":0},"b":{"0":[0]}}
,"/Users/dani/Documents/repos/cubie_framework/src/tools/util.ts": {"path":"/Users/dani/Documents/repos/cubie_framework/src/tools/util.ts","statementMap":{"0":{"start":{"line":12,"column":0},"end":{"line":12,"column":16}},"1":{"start":{"line":24,"column":0},"end":{"line":24,"column":16}},"2":{"start":{"line":41,"column":0},"end":{"line":41,"column":16}},"3":{"start":{"line":1,"column":0},"end":{"line":1,"column":32}},"4":{"start":{"line":2,"column":0},"end":{"line":2,"column":20}},"5":{"start":{"line":3,"column":0},"end":{"line":3,"column":35}},"6":{"start":{"line":4,"column":0},"end":{"line":4,"column":43}},"7":{"start":{"line":13,"column":2},"end":{"line":17,"column":4}},"8":{"start":{"line":15,"column":14},"end":{"line":15,"column":23}},"9":{"start":{"line":16,"column":14},"end":{"line":16,"column":26}},"10":{"start":{"line":25,"column":71},"end":{"line":25,"column":77}},"11":{"start":{"line":27,"column":21},"end":{"line":30,"column":4}},"12":{"start":{"line":32,"column":2},"end":{"line":34,"column":23}},"13":{"start":{"line":46,"column":2},"end":{"line":56,"column":4}},"14":{"start":{"line":48,"column":4},"end":{"line":53,"column":5}},"15":{"start":{"line":49,"column":19},"end":{"line":49,"column":46}},"16":{"start":{"line":50,"column":6},"end":{"line":50,"column":24}},"17":{"start":{"line":52,"column":6},"end":{"line":52,"column":26}},"18":{"start":{"line":55,"column":4},"end":{"line":55,"column":18}}},"fnMap":{"0":{"name":"buildTools","decl":{"start":{"line":12,"column":16},"end":{"line":12,"column":26}},"loc":{"start":{"line":12,"column":71},"end":{"line":18,"column":1}}},"1":{"name":"(anonymous_2)","decl":{"start":{"line":15,"column":4},"end":{"line":15,"column":5}},"loc":{"start":{"line":15,"column":14},"end":{"line":15,"column":23}}},"2":{"name":"(anonymous_3)","decl":{"start":{"line":16,"column":4},"end":{"line":16,"column":5}},"loc":{"start":{"line":16,"column":14},"end":{"line":16,"column":26}}},"3":{"name":"buildTool","decl":{"start":{"line":24,"column":16},"end":{"line":24,"column":25}},"loc":{"start":{"line":24,"column":48},"end":{"line":35,"column":1}}},"4":{"name":"buildToolExecutor","decl":{"start":{"line":41,"column":16},"end":{"line":41,"column":33}},"loc":{"start":{"line":45,"column":35},"end":{"line":57,"column":1}}},"5":{"name":"(anonymous_6)","decl":{"start":{"line":46,"column":9},"end":{"line":46,"column":14}},"loc":{"start":{"line":46,"column":35},"end":{"line":56,"column":3}}}},"branchMap":{"0":{"loc":{"start":{"line":25,"column":23},"end":{"line":25,"column":48}},"type":"default-arg","locations":[{"start":{"line":25,"column":36},"end":{"line":25,"column":48}}]},"1":{"loc":{"start":{"line":32,"column":9},"end":{"line":34,"column":22}},"type":"cond-expr","locations":[{"start":{"line":33,"column":6},"end":{"line":33,"column":75}},{"start":{"line":34,"column":6},"end":{"line":34,"column":22}}]}},"s":{"0":6,"1":6,"2":6,"3":6,"4":6,"5":6,"6":6,"7":4,"8":3,"9":3,"10":6,"11":6,"12":6,"13":3,"14":0,"15":0,"16":0,"17":0,"18":0},"f":{"0":4,"1":3,"2":3,"3":6,"4":3,"5":0},"b":{"0":[0],"1":[3,3]}}
,"/Users/dani/Documents/repos/cubie_framework/src/utils/error.ts": {"path":"/Users/dani/Documents/repos/cubie_framework/src/utils/error.ts","statementMap":{"0":{"start":{"line":48,"column":0},"end":{"line":48,"column":16}},"1":{"start":{"line":6,"column":4},"end":{"line":6,"column":19}},"2":{"start":{"line":7,"column":4},"end":{"line":7,"column":28}},"3":{"start":{"line":4,"column":0},"end":{"line":4,"column":13}},"4":{"start":{"line":16,"column":4},"end":{"line":16,"column":19}},"5":{"start":{"line":17,"column":4},"end":{"line":17,"column":36}},"6":{"start":{"line":14,"column":0},"end":{"line":14,"column":13}},"7":{"start":{"line":26,"column":4},"end":{"line":26,"column":19}},"8":{"start":{"line":27,"column":4},"end":{"line":27,"column":32}},"9":{"start":{"line":24,"column":0},"end":{"line":24,"column":13}},"10":{"start":{"line":36,"column":4},"end":{"line":36,"column":19}},"11":{"start":{"line":37,"column":4},"end":{"line":37,"column":33}},"12":{"start":{"line":34,"column":0},"end":{"line":34,"column":13}},"13":{"start":{"line":43,"column":4},"end":{"line":43,"column":19}},"14":{"start":{"line":44,"column":4},"end":{"line":44,"column":31}},"15":{"start":{"line":41,"column":0},"end":{"line":41,"column":13}},"16":{"start":{"line":50,"column":2},"end":{"line":56,"column":3}},"17":{"start":{"line":51,"column":4},"end":{"line":51,"column":28}},"18":{"start":{"line":52,"column":9},"end":{"line":56,"column":3}},"19":{"start":{"line":53,"column":4},"end":{"line":53,"column":20}},"20":{"start":{"line":55,"column":4},"end":{"line":55,"column":39}},"21":{"start":{"line":57,"column":2},"end":{"line":57,"column":17}}},"fnMap":{"0":{"name":"(anonymous_0)","decl":{"start":{"line":5,"column":2},"end":{"line":5,"column":14}},"loc":{"start":{"line":5,"column":29},"end":{"line":8,"column":3}}},"1":{"name":"(anonymous_1)","decl":{"start":{"line":15,"column":2},"end":{"line":15,"column":14}},"loc":{"start":{"line":15,"column":29},"end":{"line":18,"column":3}}},"2":{"name":"(anonymous_2)","decl":{"start":{"line":25,"column":2},"end":{"line":25,"column":14}},"loc":{"start":{"line":25,"column":29},"end":{"line":28,"column":3}}},"3":{"name":"(anonymous_3)","decl":{"start":{"line":35,"column":2},"end":{"line":35,"column":14}},"loc":{"start":{"line":35,"column":29},"end":{"line":38,"column":3}}},"4":{"name":"(anonymous_4)","decl":{"start":{"line":42,"column":2},"end":{"line":42,"column":14}},"loc":{"start":{"line":42,"column":29},"end":{"line":45,"column":3}}},"5":{"name":"getErrorMessage","decl":{"start":{"line":48,"column":16},"end":{"line":48,"column":31}},"loc":{"start":{"line":48,"column":46},"end":{"line":58,"column":1}}}},"branchMap":{"0":{"loc":{"start":{"line":50,"column":2},"end":{"line":56,"column":3}},"type":"if","locations":[{"start":{"line":50,"column":2},"end":{"line":56,"column":3}},{"start":{"line":52,"column":9},"end":{"line":56,"column":3}}]},"1":{"loc":{"start":{"line":52,"column":9},"end":{"line":56,"column":3}},"type":"if","locations":[{"start":{"line":52,"column":9},"end":{"line":56,"column":3}},{"start":{"line":54,"column":9},"end":{"line":56,"column":3}}]}},"s":{"0":11,"1":5,"2":5,"3":11,"4":0,"5":0,"6":11,"7":0,"8":0,"9":11,"10":0,"11":0,"12":11,"13":0,"14":0,"15":11,"16":4,"17":2,"18":2,"19":1,"20":1,"21":4},"f":{"0":5,"1":0,"2":0,"3":0,"4":0,"5":4},"b":{"0":[2,2],"1":[1,1]}}
,"/Users/dani/Documents/repos/cubie_framework/src/utils/index.ts": {"path":"/Users/dani/Documents/repos/cubie_framework/src/utils/index.ts","statementMap":{"0":{"start":{"line":1,"column":0},"end":{"line":1,"column":24}},"1":{"start":{"line":2,"column":0},"end":{"line":2,"column":27}},"2":{"start":{"line":3,"column":0},"end":{"line":3,"column":24}},"3":{"start":{"line":4,"column":0},"end":{"line":4,"column":25}},"4":{"start":{"line":5,"column":0},"end":{"line":5,"column":28}}},"fnMap":{},"branchMap":{},"s":{"0":9,"1":9,"2":9,"3":9,"4":9},"f":{},"b":{}}
,"/Users/dani/Documents/repos/cubie_framework/src/utils/messages.ts": {"path":"/Users/dani/Documents/repos/cubie_framework/src/utils/messages.ts","statementMap":{"0":{"start":{"line":16,"column":0},"end":{"line":16,"column":16}},"1":{"start":{"line":2,"column":0},"end":{"line":2,"column":36}},"2":{"start":{"line":20,"column":2},"end":{"line":22,"column":3}},"3":{"start":{"line":21,"column":4},"end":{"line":21,"column":59}},"4":{"start":{"line":24,"column":2},"end":{"line":24,"column":71}}},"fnMap":{"0":{"name":"getMessages","decl":{"start":{"line":16,"column":16},"end":{"line":16,"column":27}},"loc":{"start":{"line":19,"column":19},"end":{"line":25,"column":1}}}},"branchMap":{"0":{"loc":{"start":{"line":20,"column":2},"end":{"line":22,"column":3}},"type":"if","locations":[{"start":{"line":20,"column":2},"end":{"line":22,"column":3}}]},"1":{"loc":{"start":{"line":20,"column":6},"end":{"line":20,"column":53}},"type":"binary-expr","locations":[{"start":{"line":20,"column":6},"end":{"line":20,"column":13}},{"start":{"line":20,"column":18},"end":{"line":20,"column":27}},{"start":{"line":20,"column":31},"end":{"line":20,"column":52}}]},"2":{"loc":{"start":{"line":24,"column":9},"end":{"line":24,"column":70}},"type":"cond-expr","locations":[{"start":{"line":24,"column":18},"end":{"line":24,"column":53}},{"start":{"line":24,"column":56},"end":{"line":24,"column":70}}]},"3":{"loc":{"start":{"line":24,"column":56},"end":{"line":24,"column":70}},"type":"binary-expr","locations":[{"start":{"line":24,"column":56},"end":{"line":24,"column":64}},{"start":{"line":24,"column":68},"end":{"line":24,"column":70}}]}},"s":{"0":9,"1":9,"2":5,"3":3,"4":2},"f":{"0":5},"b":{"0":[3],"1":[5,4,2],"2":[1,1],"3":[1,0]}}
,"/Users/dani/Documents/repos/cubie_framework/src/utils/model.ts": {"path":"/Users/dani/Documents/repos/cubie_framework/src/utils/model.ts","statementMap":{"0":{"start":{"line":8,"column":0},"end":{"line":8,"column":16}},"1":{"start":{"line":1,"column":0},"end":{"line":1,"column":36}},"2":{"start":{"line":9,"column":2},"end":{"line":11,"column":3}},"3":{"start":{"line":10,"column":4},"end":{"line":10,"column":48}},"4":{"start":{"line":12,"column":2},"end":{"line":12,"column":47}}},"fnMap":{"0":{"name":"getModelId","decl":{"start":{"line":8,"column":16},"end":{"line":8,"column":26}},"loc":{"start":{"line":8,"column":68},"end":{"line":13,"column":1}}}},"branchMap":{"0":{"loc":{"start":{"line":9,"column":2},"end":{"line":11,"column":3}},"type":"if","locations":[{"start":{"line":9,"column":2},"end":{"line":11,"column":3}}]},"1":{"loc":{"start":{"line":9,"column":6},"end":{"line":9,"column":33}},"type":"binary-expr","locations":[{"start":{"line":9,"column":6},"end":{"line":9,"column":14}},{"start":{"line":9,"column":18},"end":{"line":9,"column":33}}]},"2":{"loc":{"start":{"line":12,"column":10},"end":{"line":12,"column":35}},"type":"binary-expr","locations":[{"start":{"line":12,"column":10},"end":{"line":12,"column":17}},{"start":{"line":12,"column":21},"end":{"line":12,"column":35}}]}},"s":{"0":9,"1":9,"2":4,"3":2,"4":2},"f":{"0":4},"b":{"0":[2],"1":[4,3],"2":[2,1]}}
,"/Users/dani/Documents/repos/cubie_framework/src/utils/result.ts": {"path":"/Users/dani/Documents/repos/cubie_framework/src/utils/result.ts","statementMap":{"0":{"start":{"line":29,"column":0},"end":{"line":29,"column":16}},"1":{"start":{"line":38,"column":0},"end":{"line":38,"column":16}},"2":{"start":{"line":45,"column":0},"end":{"line":45,"column":16}},"3":{"start":{"line":1,"column":0},"end":{"line":1,"column":42}},"4":{"start":{"line":19,"column":13},"end":{"line":23,"column":2}},"5":{"start":{"line":32,"column":2},"end":{"line":35,"column":4}},"6":{"start":{"line":39,"column":2},"end":{"line":42,"column":5}},"7":{"start":{"line":46,"column":2},"end":{"line":49,"column":5}}},"fnMap":{"0":{"name":"buildResult","decl":{"start":{"line":29,"column":16},"end":{"line":29,"column":27}},"loc":{"start":{"line":30,"column":45},"end":{"line":36,"column":1}}},"1":{"name":"err","decl":{"start":{"line":38,"column":16},"end":{"line":38,"column":19}},"loc":{"start":{"line":38,"column":34},"end":{"line":43,"column":1}}},"2":{"name":"ok","decl":{"start":{"line":45,"column":16},"end":{"line":45,"column":18}},"loc":{"start":{"line":45,"column":30},"end":{"line":50,"column":1}}}},"branchMap":{"0":{"loc":{"start":{"line":30,"column":2},"end":{"line":30,"column":45}},"type":"default-arg","locations":[{"start":{"line":30,"column":31},"end":{"line":30,"column":45}}]}},"s":{"0":10,"1":10,"2":10,"3":10,"4":10,"5":4,"6":1,"7":1},"f":{"0":4,"1":1,"2":1},"b":{"0":[1]}}
,"/Users/dani/Documents/repos/cubie_framework/src/utils/transform.ts": {"path":"/Users/dani/Documents/repos/cubie_framework/src/utils/transform.ts","statementMap":{"0":{"start":{"line":6,"column":0},"end":{"line":6,"column":16}},"1":{"start":{"line":8,"column":41},"end":{"line":8,"column":51}},"2":{"start":{"line":11,"column":25},"end":{"line":11,"column":52}},"3":{"start":{"line":12,"column":2},"end":{"line":18,"column":4}},"4":{"start":{"line":13,"column":19},"end":{"line":16,"column":6}}},"fnMap":{"0":{"name":"toMap","decl":{"start":{"line":6,"column":16},"end":{"line":6,"column":21}},"loc":{"start":{"line":9,"column":22},"end":{"line":19,"column":1}}},"1":{"name":"(anonymous_1)","decl":{"start":{"line":8,"column":30},"end":{"line":8,"column":31}},"loc":{"start":{"line":8,"column":41},"end":{"line":8,"column":51}}},"2":{"name":"(anonymous_2)","decl":{"start":{"line":13,"column":4},"end":{"line":13,"column":5}},"loc":{"start":{"line":13,"column":19},"end":{"line":16,"column":6}}}},"branchMap":{"0":{"loc":{"start":{"line":8,"column":2},"end":{"line":8,"column":51}},"type":"default-arg","locations":[{"start":{"line":8,"column":30},"end":{"line":8,"column":51}}]},"1":{"loc":{"start":{"line":11,"column":39},"end":{"line":11,"column":51}},"type":"binary-expr","locations":[{"start":{"line":11,"column":39},"end":{"line":11,"column":45}},{"start":{"line":11,"column":49},"end":{"line":11,"column":51}}]},"2":{"loc":{"start":{"line":15,"column":18},"end":{"line":15,"column":36}},"type":"cond-expr","locations":[{"start":{"line":15,"column":23},"end":{"line":15,"column":30}},{"start":{"line":15,"column":33},"end":{"line":15,"column":36}}]}},"s":{"0":10,"1":0,"2":29,"3":29,"4":11},"f":{"0":29,"1":0,"2":11},"b":{"0":[4],"1":[29,0],"2":[3,8]}}
}
