TN:
SF:src/index.ts
FNF:0
FNH:0
DA:1,4
DA:2,4
DA:3,4
DA:4,4
DA:5,4
LF:5
LH:5
BRF:0
BRH:0
end_of_record
TN:
SF:src/agent/agent.ts
FN:39,(anonymous_0)
FN:50,(anonymous_1)
FN:52,(anonymous_2)
FN:61,(anonymous_3)
FN:100,(anonymous_4)
FN:127,(anonymous_5)
FN:135,(anonymous_6)
FN:142,(anonymous_7)
FN:151,(anonymous_8)
FN:168,(anonymous_9)
FN:176,(anonymous_10)
FN:178,(anonymous_11)
FNF:12
FNH:7
FNDA:9,(anonymous_0)
FNDA:2,(anonymous_1)
FNDA:0,(anonymous_2)
FNDA:0,(anonymous_3)
FNDA:0,(anonymous_4)
FNDA:2,(anonymous_5)
FNDA:1,(anonymous_6)
FNDA:4,(anonymous_7)
FNDA:4,(anonymous_8)
FNDA:0,(anonymous_9)
FNDA:0,(anonymous_10)
FNDA:10,(anonymous_11)
DA:1,4
DA:5,4
DA:6,4
DA:7,4
DA:18,4
DA:29,9
DA:34,9
DA:46,9
DA:48,9
DA:49,9
DA:50,9
DA:52,9
DA:55,9
DA:56,3
DA:69,0
DA:73,0
DA:76,0
DA:85,0
DA:86,0
DA:88,0
DA:89,0
DA:92,0
DA:94,0
DA:97,0
DA:108,0
DA:112,0
DA:115,0
DA:123,0
DA:128,2
DA:129,0
DA:131,2
DA:136,1
DA:137,1
DA:143,4
DA:144,4
DA:152,4
DA:155,4
DA:156,0
DA:157,0
DA:158,0
DA:162,4
DA:169,0
DA:170,0
DA:171,0
DA:179,10
LF:45
LH:24
BRDA:41,0,0,2
BRDA:43,1,0,7
BRDA:44,2,0,6
BRDA:45,3,0,9
BRDA:55,4,0,3
BRDA:67,5,0,0
BRDA:88,6,0,0
BRDA:106,7,0,0
BRDA:128,8,0,0
BRDA:136,9,0,1
BRDA:151,10,0,4
BRDA:157,11,0,0
BRDA:170,12,0,0
BRF:13
BRH:7
end_of_record
TN:
SF:src/agent/index.ts
FNF:0
FNH:0
DA:1,4
DA:2,4
LF:2
LH:2
BRF:0
BRH:0
end_of_record
TN:
SF:src/mcp/index.ts
FNF:0
FNH:0
DA:1,4
DA:2,4
LF:2
LH:2
BRF:0
BRH:0
end_of_record
TN:
SF:src/mcp/mcp.ts
FN:25,(anonymous_0)
FN:37,(anonymous_1)
FN:53,(anonymous_2)
FN:70,(anonymous_3)
FN:89,(anonymous_4)
FN:114,(anonymous_5)
FNF:6
FNH:1
FNDA:1,(anonymous_0)
FNDA:0,(anonymous_1)
FNDA:0,(anonymous_2)
FNDA:0,(anonymous_3)
FNDA:0,(anonymous_4)
FNDA:0,(anonymous_5)
DA:1,4
DA:2,4
DA:3,4
DA:9,4
DA:14,1
DA:17,1
DA:20,1
DA:23,1
DA:25,1
DA:26,1
DA:38,0
DA:39,0
DA:41,0
DA:42,0
DA:43,0
DA:45,0
DA:46,0
DA:54,0
DA:55,0
DA:56,0
DA:60,0
DA:61,0
DA:62,0
DA:67,0
DA:68,0
DA:71,0
DA:76,0
DA:78,0
DA:80,0
DA:90,0
DA:91,0
DA:92,0
DA:94,0
DA:99,0
DA:100,0
DA:103,0
DA:105,0
DA:107,0
DA:115,0
DA:116,0
DA:117,0
LF:41
LH:10
BRDA:38,0,0,0
BRDA:61,1,0,0
BRDA:96,2,0,0
BRDA:96,2,1,0
BRDA:99,3,0,0
BRDA:115,4,0,0
BRF:6
BRH:0
end_of_record
TN:
SF:src/providers/anthropic.ts
FN:14,(anonymous_0)
FN:21,(anonymous_1)
FNF:2
FNH:2
FNDA:6,(anonymous_0)
FNDA:1,(anonymous_1)
DA:1,5
DA:7,5
DA:9,5
DA:15,6
DA:18,6
DA:22,1
LF:6
LH:6
BRF:0
BRH:0
end_of_record
TN:
SF:src/providers/base.ts
FN:16,(anonymous_0)
FN:21,(anonymous_1)
FN:32,(anonymous_2)
FN:44,(anonymous_3)
FN:52,(anonymous_4)
FNF:5
FNH:1
FNDA:10,(anonymous_0)
FNDA:0,(anonymous_1)
FNDA:0,(anonymous_2)
FNDA:0,(anonymous_3)
FNDA:0,(anonymous_4)
DA:3,7
DA:10,7
DA:16,10
DA:22,0
DA:23,0
DA:25,0
DA:26,0
DA:33,0
DA:34,0
DA:36,0
DA:37,0
DA:45,0
DA:53,0
LF:13
LH:3
BRDA:22,0,0,0
BRDA:22,1,0,0
BRDA:22,1,1,0
BRDA:33,2,0,0
BRDA:33,3,0,0
BRDA:33,3,1,0
BRF:6
BRH:0
end_of_record
TN:
SF:src/providers/index.ts
FNF:0
FNH:0
DA:1,4
DA:2,4
DA:3,4
DA:4,4
LF:4
LH:4
BRF:0
BRH:0
end_of_record
TN:
SF:src/providers/openai.ts
FN:15,(anonymous_0)
FN:22,(anonymous_1)
FN:26,(anonymous_2)
FNF:3
FNH:2
FNDA:2,(anonymous_0)
FNDA:1,(anonymous_1)
FNDA:0,(anonymous_2)
DA:1,5
DA:7,5
DA:10,5
DA:16,2
DA:19,2
DA:23,1
DA:27,0
LF:7
LH:6
BRF:0
BRH:0
end_of_record
TN:
SF:src/providers/xai.ts
FN:36,(anonymous_0)
FN:43,(anonymous_1)
FN:47,(anonymous_2)
FNF:3
FNH:2
FNDA:2,(anonymous_0)
FNDA:1,(anonymous_1)
FNDA:0,(anonymous_2)
DA:1,5
DA:2,5
DA:31,5
DA:37,2
DA:40,2
DA:44,1
DA:48,0
LF:7
LH:6
BRF:0
BRH:0
end_of_record
TN:
SF:src/tools/index.ts
FNF:0
FNH:0
DA:1,4
DA:2,4
DA:3,4
LF:3
LH:3
BRF:0
BRH:0
end_of_record
TN:
SF:src/tools/tools.ts
FN:13,(anonymous_0)
FN:20,(anonymous_1)
FN:27,(anonymous_2)
FNF:3
FNH:2
FNDA:6,(anonymous_0)
FNDA:5,(anonymous_1)
FNDA:0,(anonymous_2)
DA:1,5
DA:4,5
DA:12,5
DA:15,6
DA:17,6
DA:21,5
DA:33,0
LF:7
LH:6
BRDA:29,0,0,0
BRF:1
BRH:0
end_of_record
TN:
SF:src/tools/util.ts
FN:12,buildTools
FN:15,(anonymous_2)
FN:16,(anonymous_3)
FN:24,buildTool
FN:41,buildToolExecutor
FN:46,(anonymous_6)
FNF:6
FNH:5
FNDA:4,buildTools
FNDA:3,(anonymous_2)
FNDA:3,(anonymous_3)
FNDA:6,buildTool
FNDA:3,buildToolExecutor
FNDA:0,(anonymous_6)
DA:1,6
DA:2,6
DA:3,6
DA:4,6
DA:12,6
DA:13,4
DA:15,3
DA:16,3
DA:24,6
DA:25,6
DA:27,6
DA:32,6
DA:41,6
DA:46,3
DA:48,0
DA:49,0
DA:50,0
DA:52,0
DA:55,0
LF:19
LH:14
BRDA:25,0,0,0
BRDA:32,1,0,3
BRDA:32,1,1,3
BRF:3
BRH:2
end_of_record
TN:
SF:src/utils/error.ts
FN:5,(anonymous_0)
FN:15,(anonymous_1)
FN:25,(anonymous_2)
FN:35,(anonymous_3)
FN:42,(anonymous_4)
FN:48,getErrorMessage
FNF:6
FNH:2
FNDA:5,(anonymous_0)
FNDA:0,(anonymous_1)
FNDA:0,(anonymous_2)
FNDA:0,(anonymous_3)
FNDA:0,(anonymous_4)
FNDA:4,getErrorMessage
DA:4,11
DA:6,5
DA:7,5
DA:14,11
DA:16,0
DA:17,0
DA:24,11
DA:26,0
DA:27,0
DA:34,11
DA:36,0
DA:37,0
DA:41,11
DA:43,0
DA:44,0
DA:48,11
DA:50,4
DA:51,2
DA:52,2
DA:53,1
DA:55,1
DA:57,4
LF:22
LH:14
BRDA:50,0,0,2
BRDA:50,0,1,2
BRDA:52,1,0,1
BRDA:52,1,1,1
BRF:4
BRH:4
end_of_record
TN:
SF:src/utils/index.ts
FNF:0
FNH:0
DA:1,9
DA:2,9
DA:3,9
DA:4,9
DA:5,9
LF:5
LH:5
BRF:0
BRH:0
end_of_record
TN:
SF:src/utils/messages.ts
FN:16,getMessages
FNF:1
FNH:1
FNDA:5,getMessages
DA:2,9
DA:16,9
DA:20,5
DA:21,3
DA:24,2
LF:5
LH:5
BRDA:20,0,0,3
BRDA:20,1,0,5
BRDA:20,1,1,4
BRDA:20,1,2,2
BRDA:24,2,0,1
BRDA:24,2,1,1
BRDA:24,3,0,1
BRDA:24,3,1,0
BRF:8
BRH:7
end_of_record
TN:
SF:src/utils/model.ts
FN:8,getModelId
FNF:1
FNH:1
FNDA:4,getModelId
DA:1,9
DA:8,9
DA:9,4
DA:10,2
DA:12,2
LF:5
LH:5
BRDA:9,0,0,2
BRDA:9,1,0,4
BRDA:9,1,1,3
BRDA:12,2,0,2
BRDA:12,2,1,1
BRF:5
BRH:5
end_of_record
TN:
SF:src/utils/result.ts
FN:29,buildResult
FN:38,err
FN:45,ok
FNF:3
FNH:3
FNDA:4,buildResult
FNDA:1,err
FNDA:1,ok
DA:1,10
DA:19,10
DA:29,10
DA:32,4
DA:38,10
DA:39,1
DA:45,10
DA:46,1
LF:8
LH:8
BRDA:30,0,0,1
BRF:1
BRH:1
end_of_record
TN:
SF:src/utils/transform.ts
FN:6,toMap
FN:8,(anonymous_1)
FN:13,(anonymous_2)
FNF:3
FNH:2
FNDA:29,toMap
FNDA:0,(anonymous_1)
FNDA:11,(anonymous_2)
DA:6,10
DA:8,0
DA:11,29
DA:12,29
DA:13,11
LF:5
LH:4
BRDA:8,0,0,4
BRDA:11,1,0,29
BRDA:11,1,1,0
BRDA:15,2,0,3
BRDA:15,2,1,8
BRF:5
BRH:4
end_of_record
